<?xml version="1.0" encoding="UTF-8"?>
<testsuite xmlns:xsi="http://www.w3.org/2001/XMLSchema-instance" xsi:noNamespaceSchemaLocation="https://maven.apache.org/surefire/maven-surefire-plugin/xsd/surefire-test-report-3.0.xsd" version="3.0" name="runner.TestRunner" time="14.275" tests="10" errors="0" skipped="0" failures="0">
  <properties>
    <property name="awt.toolkit" value="sun.awt.X11.XToolkit"/>
    <property name="java.specification.version" value="11"/>
    <property name="sun.cpu.isalist" value=""/>
    <property name="sun.jnu.encoding" value="UTF-8"/>
    <property name="java.class.path" value="/mnt/c/Users/SouthSystem/IdeaProjects/ProofOfConcept/target/test-classes:/mnt/c/Users/SouthSystem/IdeaProjects/ProofOfConcept/target/classes:/home/bsfraga/.m2/repository/io/rest-assured/json-schema-validator/4.3.1/json-schema-validator-4.3.1.jar:/home/bsfraga/.m2/repository/com/github/java-json-tools/json-schema-validator/2.2.10/json-schema-validator-2.2.10.jar:/home/bsfraga/.m2/repository/com/github/java-json-tools/json-schema-core/1.2.10/json-schema-core-1.2.10.jar:/home/bsfraga/.m2/repository/com/github/java-json-tools/jackson-coreutils/1.9/jackson-coreutils-1.9.jar:/home/bsfraga/.m2/repository/com/fasterxml/jackson/core/jackson-databind/2.2.3/jackson-databind-2.2.3.jar:/home/bsfraga/.m2/repository/com/fasterxml/jackson/core/jackson-annotations/2.2.3/jackson-annotations-2.2.3.jar:/home/bsfraga/.m2/repository/com/fasterxml/jackson/core/jackson-core/2.2.3/jackson-core-2.2.3.jar:/home/bsfraga/.m2/repository/com/google/guava/guava/16.0.1/guava-16.0.1.jar:/home/bsfraga/.m2/repository/com/github/fge/msg-simple/1.1/msg-simple-1.1.jar:/home/bsfraga/.m2/repository/com/github/fge/btf/1.2/btf-1.2.jar:/home/bsfraga/.m2/repository/com/github/fge/uri-template/0.9/uri-template-0.9.jar:/home/bsfraga/.m2/repository/org/mozilla/rhino/1.7.7.1/rhino-1.7.7.1.jar:/home/bsfraga/.m2/repository/javax/mail/mailapi/1.4.3/mailapi-1.4.3.jar:/home/bsfraga/.m2/repository/javax/activation/activation/1.1/activation-1.1.jar:/home/bsfraga/.m2/repository/joda-time/joda-time/2.9.7/joda-time-2.9.7.jar:/home/bsfraga/.m2/repository/com/googlecode/libphonenumber/libphonenumber/8.0.0/libphonenumber-8.0.0.jar:/home/bsfraga/.m2/repository/com/google/code/findbugs/jsr305/3.0.1/jsr305-3.0.1.jar:/home/bsfraga/.m2/repository/net/sf/jopt-simple/jopt-simple/5.0.3/jopt-simple-5.0.3.jar:/home/bsfraga/.m2/repository/org/hamcrest/hamcrest/2.1/hamcrest-2.1.jar:/home/bsfraga/.m2/repository/com/google/code/gson/gson/2.8.6/gson-2.8.6.jar:/home/bsfraga/.m2/repository/io/rest-assured/rest-assured/4.3.1/rest-assured-4.3.1.jar:/home/bsfraga/.m2/repository/org/codehaus/groovy/groovy/3.0.3/groovy-3.0.3.jar:/home/bsfraga/.m2/repository/org/codehaus/groovy/groovy-xml/3.0.3/groovy-xml-3.0.3.jar:/home/bsfraga/.m2/repository/org/apache/httpcomponents/httpclient/4.5.3/httpclient-4.5.3.jar:/home/bsfraga/.m2/repository/org/apache/httpcomponents/httpcore/4.4.6/httpcore-4.4.6.jar:/home/bsfraga/.m2/repository/commons-logging/commons-logging/1.2/commons-logging-1.2.jar:/home/bsfraga/.m2/repository/commons-codec/commons-codec/1.9/commons-codec-1.9.jar:/home/bsfraga/.m2/repository/org/apache/httpcomponents/httpmime/4.5.3/httpmime-4.5.3.jar:/home/bsfraga/.m2/repository/org/ccil/cowan/tagsoup/tagsoup/1.2.1/tagsoup-1.2.1.jar:/home/bsfraga/.m2/repository/io/rest-assured/json-path/4.3.1/json-path-4.3.1.jar:/home/bsfraga/.m2/repository/org/codehaus/groovy/groovy-json/3.0.3/groovy-json-3.0.3.jar:/home/bsfraga/.m2/repository/io/rest-assured/rest-assured-common/4.3.1/rest-assured-common-4.3.1.jar:/home/bsfraga/.m2/repository/io/rest-assured/xml-path/4.3.1/xml-path-4.3.1.jar:/home/bsfraga/.m2/repository/org/apache/commons/commons-lang3/3.4/commons-lang3-3.4.jar:/home/bsfraga/.m2/repository/jakarta/xml/bind/jakarta.xml.bind-api/2.3.3/jakarta.xml.bind-api-2.3.3.jar:/home/bsfraga/.m2/repository/jakarta/activation/jakarta.activation-api/1.2.2/jakarta.activation-api-1.2.2.jar:/home/bsfraga/.m2/repository/com/sun/xml/bind/jaxb-impl/2.3.3/jaxb-impl-2.3.3.jar:/home/bsfraga/.m2/repository/io/cucumber/cucumber-java/5.7.0/cucumber-java-5.7.0.jar:/home/bsfraga/.m2/repository/org/apiguardian/apiguardian-api/1.1.0/apiguardian-api-1.1.0.jar:/home/bsfraga/.m2/repository/io/cucumber/cucumber-junit/5.7.0/cucumber-junit-5.7.0.jar:/home/bsfraga/.m2/repository/junit/junit/4.13/junit-4.13.jar:/home/bsfraga/.m2/repository/org/hamcrest/hamcrest-core/1.3/hamcrest-core-1.3.jar:/home/bsfraga/.m2/repository/io/cucumber/cucumber-core/5.7.0/cucumber-core-5.7.0.jar:/home/bsfraga/.m2/repository/io/cucumber/cucumber-gherkin/5.7.0/cucumber-gherkin-5.7.0.jar:/home/bsfraga/.m2/repository/io/cucumber/cucumber-gherkin-vintage/5.7.0/cucumber-gherkin-vintage-5.7.0.jar:/home/bsfraga/.m2/repository/io/cucumber/tag-expressions/2.0.4/tag-expressions-2.0.4.jar:/home/bsfraga/.m2/repository/io/cucumber/cucumber-expressions/8.3.1/cucumber-expressions-8.3.1.jar:/home/bsfraga/.m2/repository/io/cucumber/datatable/3.3.1/datatable-3.3.1.jar:/home/bsfraga/.m2/repository/io/cucumber/cucumber-plugin/5.7.0/cucumber-plugin-5.7.0.jar:/home/bsfraga/.m2/repository/io/cucumber/docstring/5.7.0/docstring-5.7.0.jar:/home/bsfraga/.m2/repository/io/cucumber/gherkin/13.0.0/gherkin-13.0.0.jar:/home/bsfraga/.m2/repository/io/cucumber/messages/12.0.0/messages-12.0.0.jar:/home/bsfraga/.m2/repository/io/cucumber/cucumber-picocontainer/5.7.0/cucumber-picocontainer-5.7.0.jar:/home/bsfraga/.m2/repository/org/picocontainer/picocontainer/2.15/picocontainer-2.15.jar:"/>
    <property name="java.vm.vendor" value="Ubuntu"/>
    <property name="sun.arch.data.model" value="64"/>
    <property name="java.vendor.url" value="https://ubuntu.com/"/>
    <property name="user.timezone" value=""/>
    <property name="java.vm.specification.version" value="11"/>
    <property name="os.name" value="Linux"/>
    <property name="sun.java.launcher" value="SUN_STANDARD"/>
    <property name="sun.boot.library.path" value="/usr/lib/jvm/java-11-openjdk-amd64/lib"/>
    <property name="sun.java.command" value="/mnt/c/Users/SouthSystem/IdeaProjects/ProofOfConcept/target/surefire/surefirebooter2085236432279243218.jar /mnt/c/Users/SouthSystem/IdeaProjects/ProofOfConcept/target/surefire 2020-07-27T18-12-48_987-jvmRun1 surefire13502551521402600496tmp surefire_03281097885902336637tmp"/>
    <property name="jdk.debug" value="release"/>
    <property name="surefire.test.class.path" value="/mnt/c/Users/SouthSystem/IdeaProjects/ProofOfConcept/target/test-classes:/mnt/c/Users/SouthSystem/IdeaProjects/ProofOfConcept/target/classes:/home/bsfraga/.m2/repository/io/rest-assured/json-schema-validator/4.3.1/json-schema-validator-4.3.1.jar:/home/bsfraga/.m2/repository/com/github/java-json-tools/json-schema-validator/2.2.10/json-schema-validator-2.2.10.jar:/home/bsfraga/.m2/repository/com/github/java-json-tools/json-schema-core/1.2.10/json-schema-core-1.2.10.jar:/home/bsfraga/.m2/repository/com/github/java-json-tools/jackson-coreutils/1.9/jackson-coreutils-1.9.jar:/home/bsfraga/.m2/repository/com/fasterxml/jackson/core/jackson-databind/2.2.3/jackson-databind-2.2.3.jar:/home/bsfraga/.m2/repository/com/fasterxml/jackson/core/jackson-annotations/2.2.3/jackson-annotations-2.2.3.jar:/home/bsfraga/.m2/repository/com/fasterxml/jackson/core/jackson-core/2.2.3/jackson-core-2.2.3.jar:/home/bsfraga/.m2/repository/com/google/guava/guava/16.0.1/guava-16.0.1.jar:/home/bsfraga/.m2/repository/com/github/fge/msg-simple/1.1/msg-simple-1.1.jar:/home/bsfraga/.m2/repository/com/github/fge/btf/1.2/btf-1.2.jar:/home/bsfraga/.m2/repository/com/github/fge/uri-template/0.9/uri-template-0.9.jar:/home/bsfraga/.m2/repository/org/mozilla/rhino/1.7.7.1/rhino-1.7.7.1.jar:/home/bsfraga/.m2/repository/javax/mail/mailapi/1.4.3/mailapi-1.4.3.jar:/home/bsfraga/.m2/repository/javax/activation/activation/1.1/activation-1.1.jar:/home/bsfraga/.m2/repository/joda-time/joda-time/2.9.7/joda-time-2.9.7.jar:/home/bsfraga/.m2/repository/com/googlecode/libphonenumber/libphonenumber/8.0.0/libphonenumber-8.0.0.jar:/home/bsfraga/.m2/repository/com/google/code/findbugs/jsr305/3.0.1/jsr305-3.0.1.jar:/home/bsfraga/.m2/repository/net/sf/jopt-simple/jopt-simple/5.0.3/jopt-simple-5.0.3.jar:/home/bsfraga/.m2/repository/org/hamcrest/hamcrest/2.1/hamcrest-2.1.jar:/home/bsfraga/.m2/repository/com/google/code/gson/gson/2.8.6/gson-2.8.6.jar:/home/bsfraga/.m2/repository/io/rest-assured/rest-assured/4.3.1/rest-assured-4.3.1.jar:/home/bsfraga/.m2/repository/org/codehaus/groovy/groovy/3.0.3/groovy-3.0.3.jar:/home/bsfraga/.m2/repository/org/codehaus/groovy/groovy-xml/3.0.3/groovy-xml-3.0.3.jar:/home/bsfraga/.m2/repository/org/apache/httpcomponents/httpclient/4.5.3/httpclient-4.5.3.jar:/home/bsfraga/.m2/repository/org/apache/httpcomponents/httpcore/4.4.6/httpcore-4.4.6.jar:/home/bsfraga/.m2/repository/commons-logging/commons-logging/1.2/commons-logging-1.2.jar:/home/bsfraga/.m2/repository/commons-codec/commons-codec/1.9/commons-codec-1.9.jar:/home/bsfraga/.m2/repository/org/apache/httpcomponents/httpmime/4.5.3/httpmime-4.5.3.jar:/home/bsfraga/.m2/repository/org/ccil/cowan/tagsoup/tagsoup/1.2.1/tagsoup-1.2.1.jar:/home/bsfraga/.m2/repository/io/rest-assured/json-path/4.3.1/json-path-4.3.1.jar:/home/bsfraga/.m2/repository/org/codehaus/groovy/groovy-json/3.0.3/groovy-json-3.0.3.jar:/home/bsfraga/.m2/repository/io/rest-assured/rest-assured-common/4.3.1/rest-assured-common-4.3.1.jar:/home/bsfraga/.m2/repository/io/rest-assured/xml-path/4.3.1/xml-path-4.3.1.jar:/home/bsfraga/.m2/repository/org/apache/commons/commons-lang3/3.4/commons-lang3-3.4.jar:/home/bsfraga/.m2/repository/jakarta/xml/bind/jakarta.xml.bind-api/2.3.3/jakarta.xml.bind-api-2.3.3.jar:/home/bsfraga/.m2/repository/jakarta/activation/jakarta.activation-api/1.2.2/jakarta.activation-api-1.2.2.jar:/home/bsfraga/.m2/repository/com/sun/xml/bind/jaxb-impl/2.3.3/jaxb-impl-2.3.3.jar:/home/bsfraga/.m2/repository/io/cucumber/cucumber-java/5.7.0/cucumber-java-5.7.0.jar:/home/bsfraga/.m2/repository/org/apiguardian/apiguardian-api/1.1.0/apiguardian-api-1.1.0.jar:/home/bsfraga/.m2/repository/io/cucumber/cucumber-junit/5.7.0/cucumber-junit-5.7.0.jar:/home/bsfraga/.m2/repository/junit/junit/4.13/junit-4.13.jar:/home/bsfraga/.m2/repository/org/hamcrest/hamcrest-core/1.3/hamcrest-core-1.3.jar:/home/bsfraga/.m2/repository/io/cucumber/cucumber-core/5.7.0/cucumber-core-5.7.0.jar:/home/bsfraga/.m2/repository/io/cucumber/cucumber-gherkin/5.7.0/cucumber-gherkin-5.7.0.jar:/home/bsfraga/.m2/repository/io/cucumber/cucumber-gherkin-vintage/5.7.0/cucumber-gherkin-vintage-5.7.0.jar:/home/bsfraga/.m2/repository/io/cucumber/tag-expressions/2.0.4/tag-expressions-2.0.4.jar:/home/bsfraga/.m2/repository/io/cucumber/cucumber-expressions/8.3.1/cucumber-expressions-8.3.1.jar:/home/bsfraga/.m2/repository/io/cucumber/datatable/3.3.1/datatable-3.3.1.jar:/home/bsfraga/.m2/repository/io/cucumber/cucumber-plugin/5.7.0/cucumber-plugin-5.7.0.jar:/home/bsfraga/.m2/repository/io/cucumber/docstring/5.7.0/docstring-5.7.0.jar:/home/bsfraga/.m2/repository/io/cucumber/gherkin/13.0.0/gherkin-13.0.0.jar:/home/bsfraga/.m2/repository/io/cucumber/messages/12.0.0/messages-12.0.0.jar:/home/bsfraga/.m2/repository/io/cucumber/cucumber-picocontainer/5.7.0/cucumber-picocontainer-5.7.0.jar:/home/bsfraga/.m2/repository/org/picocontainer/picocontainer/2.15/picocontainer-2.15.jar:"/>
    <property name="sun.cpu.endian" value="little"/>
    <property name="user.home" value="/home/bsfraga"/>
    <property name="user.language" value="en"/>
    <property name="java.specification.vendor" value="Oracle Corporation"/>
    <property name="java.version.date" value="2020-04-14"/>
    <property name="java.home" value="/usr/lib/jvm/java-11-openjdk-amd64"/>
    <property name="file.separator" value="/"/>
    <property name="basedir" value="/mnt/c/Users/SouthSystem/IdeaProjects/ProofOfConcept"/>
    <property name="java.vm.compressedOopsMode" value="Zero based"/>
    <property name="line.separator" value="&#10;"/>
    <property name="java.specification.name" value="Java Platform API Specification"/>
    <property name="java.vm.specification.vendor" value="Oracle Corporation"/>
    <property name="java.awt.graphicsenv" value="sun.awt.X11GraphicsEnvironment"/>
    <property name="surefire.real.class.path" value="/mnt/c/Users/SouthSystem/IdeaProjects/ProofOfConcept/target/surefire/surefirebooter2085236432279243218.jar"/>
    <property name="sun.management.compiler" value="HotSpot 64-Bit Tiered Compilers"/>
    <property name="java.runtime.version" value="11.0.7+10-post-Ubuntu-3ubuntu1"/>
    <property name="user.name" value="bsfraga"/>
    <property name="path.separator" value=":"/>
    <property name="os.version" value="4.4.0-18362-Microsoft"/>
    <property name="java.runtime.name" value="OpenJDK Runtime Environment"/>
    <property name="file.encoding" value="UTF-8"/>
    <property name="java.vm.name" value="OpenJDK 64-Bit Server VM"/>
    <property name="localRepository" value="/home/bsfraga/.m2/repository"/>
    <property name="java.vendor.url.bug" value="https://bugs.launchpad.net/ubuntu/+source/openjdk-lts"/>
    <property name="java.io.tmpdir" value="/tmp"/>
    <property name="java.version" value="11.0.7"/>
    <property name="user.dir" value="/mnt/c/Users/SouthSystem/IdeaProjects/ProofOfConcept"/>
    <property name="os.arch" value="amd64"/>
    <property name="java.vm.specification.name" value="Java Virtual Machine Specification"/>
    <property name="java.awt.printerjob" value="sun.print.PSPrinterJob"/>
    <property name="sun.os.patch.level" value="unknown"/>
    <property name="java.library.path" value="/usr/java/packages/lib:/usr/lib/x86_64-linux-gnu/jni:/lib/x86_64-linux-gnu:/usr/lib/x86_64-linux-gnu:/usr/lib/jni:/lib:/usr/lib"/>
    <property name="java.vendor" value="Ubuntu"/>
    <property name="java.vm.info" value="mixed mode, sharing"/>
    <property name="java.vm.version" value="11.0.7+10-post-Ubuntu-3ubuntu1"/>
    <property name="sun.io.unicode.encoding" value="UnicodeLittle"/>
    <property name="java.class.version" value="55.0"/>
  </properties>
  <testcase name="Validar serviço de cartas do HearthStone utilizando dados inválidos" classname="Validar dados de serviço HearthStone com dados inválidos" time="3.838"/>
  <testcase name="Validar serviço de cartas do HearthStone utilizando dados inválidos" classname="Validar dados de serviço HearthStone com dados inválidos" time="1.109"/>
  <testcase name="Validar serviço de cartas do HearthStone utilizando dados inválidos" classname="Validar dados de serviço HearthStone com dados inválidos" time="1.091"/>
  <testcase name="Validar serviço de cartas do HearthStone utilizando dados inválidos" classname="Validar dados de serviço HearthStone com dados inválidos" time="1.386"/>
  <testcase name="Validar serviço de cartas do HearthStone utilizando dados válidos" classname="Validar dados de serviço HearthStone" time="1.015"/>
  <testcase name="Validar serviço de cartas do HearthStone utilizando dados válidos" classname="Validar dados de serviço HearthStone" time="1.043"/>
  <testcase name="Validar serviço de cartas do HearthStone utilizando dados válidos" classname="Validar dados de serviço HearthStone" time="1.046"/>
  <testcase name="Validar serviço de cartas do HearthStone utilizando dados válidos" classname="Validar dados de serviço HearthStone" time="1.024"/>
  <testcase name="Validar serviço de cartas do HearthStone utilizando dados válidos" classname="Validar dados de serviço HearthStone" time="1.04"/>
  <testcase name="Validar serviço de cartas do HearthStone utilizando dados válidos" classname="Validar dados de serviço HearthStone" time="1.113"/>
</testsuite>